<?xml version="1.0" encoding="UTF-8"?>
<testsuite xmlns:xsi="http://www.w3.org/2001/XMLSchema-instance" xsi:noNamespaceSchemaLocation="https://maven.apache.org/surefire/maven-surefire-plugin/xsd/surefire-test-report.xsd" name="com.example.demo.RedisDemoApplicationTests" time="3.018" tests="1" errors="0" skipped="0" failures="0">
  <properties>
    <property name="sun.desktop" value="windows"/>
    <property name="awt.toolkit" value="sun.awt.windows.WToolkit"/>
    <property name="file.encoding.pkg" value="sun.io"/>
    <property name="java.specification.version" value="1.8"/>
    <property name="sun.cpu.isalist" value="amd64"/>
    <property name="sun.jnu.encoding" value="GBK"/>
    <property name="java.class.path" value="D:\code\redisDemo\target\test-classes;D:\code\redisDemo\target\classes;E:\MAVEN\maven\org\springframework\boot\spring-boot-starter-data-redis\2.1.3.RELEASE\spring-boot-starter-data-redis-2.1.3.RELEASE.jar;E:\MAVEN\maven\org\springframework\boot\spring-boot-starter\2.1.3.RELEASE\spring-boot-starter-2.1.3.RELEASE.jar;E:\MAVEN\maven\org\springframework\boot\spring-boot\2.1.3.RELEASE\spring-boot-2.1.3.RELEASE.jar;E:\MAVEN\maven\org\springframework\spring-context\5.1.5.RELEASE\spring-context-5.1.5.RELEASE.jar;E:\MAVEN\maven\org\springframework\spring-expression\5.1.5.RELEASE\spring-expression-5.1.5.RELEASE.jar;E:\MAVEN\maven\org\springframework\boot\spring-boot-autoconfigure\2.1.3.RELEASE\spring-boot-autoconfigure-2.1.3.RELEASE.jar;E:\MAVEN\maven\org\springframework\boot\spring-boot-starter-logging\2.1.3.RELEASE\spring-boot-starter-logging-2.1.3.RELEASE.jar;E:\MAVEN\maven\ch\qos\logback\logback-classic\1.2.3\logback-classic-1.2.3.jar;E:\MAVEN\maven\ch\qos\logback\logback-core\1.2.3\logback-core-1.2.3.jar;E:\MAVEN\maven\org\apache\logging\log4j\log4j-to-slf4j\2.11.2\log4j-to-slf4j-2.11.2.jar;E:\MAVEN\maven\org\apache\logging\log4j\log4j-api\2.11.2\log4j-api-2.11.2.jar;E:\MAVEN\maven\org\slf4j\jul-to-slf4j\1.7.25\jul-to-slf4j-1.7.25.jar;E:\MAVEN\maven\javax\annotation\javax.annotation-api\1.3.2\javax.annotation-api-1.3.2.jar;E:\MAVEN\maven\org\yaml\snakeyaml\1.23\snakeyaml-1.23.jar;E:\MAVEN\maven\org\springframework\data\spring-data-redis\2.1.5.RELEASE\spring-data-redis-2.1.5.RELEASE.jar;E:\MAVEN\maven\org\springframework\data\spring-data-keyvalue\2.1.5.RELEASE\spring-data-keyvalue-2.1.5.RELEASE.jar;E:\MAVEN\maven\org\springframework\data\spring-data-commons\2.1.5.RELEASE\spring-data-commons-2.1.5.RELEASE.jar;E:\MAVEN\maven\org\springframework\spring-tx\5.1.5.RELEASE\spring-tx-5.1.5.RELEASE.jar;E:\MAVEN\maven\org\springframework\spring-beans\5.1.5.RELEASE\spring-beans-5.1.5.RELEASE.jar;E:\MAVEN\maven\org\springframework\spring-oxm\5.1.5.RELEASE\spring-oxm-5.1.5.RELEASE.jar;E:\MAVEN\maven\org\springframework\spring-aop\5.1.5.RELEASE\spring-aop-5.1.5.RELEASE.jar;E:\MAVEN\maven\org\springframework\spring-context-support\5.1.5.RELEASE\spring-context-support-5.1.5.RELEASE.jar;E:\MAVEN\maven\org\slf4j\slf4j-api\1.7.25\slf4j-api-1.7.25.jar;E:\MAVEN\maven\io\lettuce\lettuce-core\5.1.4.RELEASE\lettuce-core-5.1.4.RELEASE.jar;E:\MAVEN\maven\io\netty\netty-common\4.1.33.Final\netty-common-4.1.33.Final.jar;E:\MAVEN\maven\io\netty\netty-handler\4.1.33.Final\netty-handler-4.1.33.Final.jar;E:\MAVEN\maven\io\netty\netty-buffer\4.1.33.Final\netty-buffer-4.1.33.Final.jar;E:\MAVEN\maven\io\netty\netty-codec\4.1.33.Final\netty-codec-4.1.33.Final.jar;E:\MAVEN\maven\io\netty\netty-transport\4.1.33.Final\netty-transport-4.1.33.Final.jar;E:\MAVEN\maven\io\netty\netty-resolver\4.1.33.Final\netty-resolver-4.1.33.Final.jar;E:\MAVEN\maven\io\projectreactor\reactor-core\3.2.6.RELEASE\reactor-core-3.2.6.RELEASE.jar;E:\MAVEN\maven\org\reactivestreams\reactive-streams\1.0.2\reactive-streams-1.0.2.jar;E:\MAVEN\maven\org\springframework\boot\spring-boot-starter-test\2.1.3.RELEASE\spring-boot-starter-test-2.1.3.RELEASE.jar;E:\MAVEN\maven\org\springframework\boot\spring-boot-test\2.1.3.RELEASE\spring-boot-test-2.1.3.RELEASE.jar;E:\MAVEN\maven\org\springframework\boot\spring-boot-test-autoconfigure\2.1.3.RELEASE\spring-boot-test-autoconfigure-2.1.3.RELEASE.jar;E:\MAVEN\maven\com\jayway\jsonpath\json-path\2.4.0\json-path-2.4.0.jar;E:\MAVEN\maven\net\minidev\json-smart\2.3\json-smart-2.3.jar;E:\MAVEN\maven\net\minidev\accessors-smart\1.2\accessors-smart-1.2.jar;E:\MAVEN\maven\org\ow2\asm\asm\5.0.4\asm-5.0.4.jar;E:\MAVEN\maven\junit\junit\4.12\junit-4.12.jar;E:\MAVEN\maven\org\assertj\assertj-core\3.11.1\assertj-core-3.11.1.jar;E:\MAVEN\maven\org\mockito\mockito-core\2.23.4\mockito-core-2.23.4.jar;E:\MAVEN\maven\net\bytebuddy\byte-buddy\1.9.10\byte-buddy-1.9.10.jar;E:\MAVEN\maven\net\bytebuddy\byte-buddy-agent\1.9.10\byte-buddy-agent-1.9.10.jar;E:\MAVEN\maven\org\objenesis\objenesis\2.6\objenesis-2.6.jar;E:\MAVEN\maven\org\hamcrest\hamcrest-core\1.3\hamcrest-core-1.3.jar;E:\MAVEN\maven\org\hamcrest\hamcrest-library\1.3\hamcrest-library-1.3.jar;E:\MAVEN\maven\org\skyscreamer\jsonassert\1.5.0\jsonassert-1.5.0.jar;E:\MAVEN\maven\com\vaadin\external\google\android-json\0.0.20131108.vaadin1\android-json-0.0.20131108.vaadin1.jar;E:\MAVEN\maven\org\springframework\spring-core\5.1.5.RELEASE\spring-core-5.1.5.RELEASE.jar;E:\MAVEN\maven\org\springframework\spring-jcl\5.1.5.RELEASE\spring-jcl-5.1.5.RELEASE.jar;E:\MAVEN\maven\org\springframework\spring-test\5.1.5.RELEASE\spring-test-5.1.5.RELEASE.jar;E:\MAVEN\maven\org\xmlunit\xmlunit-core\2.6.2\xmlunit-core-2.6.2.jar;"/>
    <property name="java.vm.vendor" value="Oracle Corporation"/>
    <property name="sun.arch.data.model" value="64"/>
    <property name="user.variant" value=""/>
    <property name="java.vendor.url" value="http://java.oracle.com/"/>
    <property name="user.timezone" value="Asia/Shanghai"/>
    <property name="java.vm.specification.version" value="1.8"/>
    <property name="os.name" value="Windows 10"/>
    <property name="user.country" value="CN"/>
    <property name="sun.java.launcher" value="SUN_STANDARD"/>
    <property name="sun.boot.library.path" value="C:\Program Files\Java\jdk1.8.0_171\jre\bin"/>
    <property name="sun.java.command" value="C:\Users\ADMINI~1\AppData\Local\Temp\surefire4229372923789693879\surefirebooter3413441197444232076.jar C:\Users\Administrator\AppData\Local\Temp\surefire4229372923789693879 2019-03-28T17-18-01_824-jvmRun1 surefire1432791451928151411tmp surefire_07092955941358387646tmp"/>
    <property name="surefire.test.class.path" value="D:\code\redisDemo\target\test-classes;D:\code\redisDemo\target\classes;E:\MAVEN\maven\org\springframework\boot\spring-boot-starter-data-redis\2.1.3.RELEASE\spring-boot-starter-data-redis-2.1.3.RELEASE.jar;E:\MAVEN\maven\org\springframework\boot\spring-boot-starter\2.1.3.RELEASE\spring-boot-starter-2.1.3.RELEASE.jar;E:\MAVEN\maven\org\springframework\boot\spring-boot\2.1.3.RELEASE\spring-boot-2.1.3.RELEASE.jar;E:\MAVEN\maven\org\springframework\spring-context\5.1.5.RELEASE\spring-context-5.1.5.RELEASE.jar;E:\MAVEN\maven\org\springframework\spring-expression\5.1.5.RELEASE\spring-expression-5.1.5.RELEASE.jar;E:\MAVEN\maven\org\springframework\boot\spring-boot-autoconfigure\2.1.3.RELEASE\spring-boot-autoconfigure-2.1.3.RELEASE.jar;E:\MAVEN\maven\org\springframework\boot\spring-boot-starter-logging\2.1.3.RELEASE\spring-boot-starter-logging-2.1.3.RELEASE.jar;E:\MAVEN\maven\ch\qos\logback\logback-classic\1.2.3\logback-classic-1.2.3.jar;E:\MAVEN\maven\ch\qos\logback\logback-core\1.2.3\logback-core-1.2.3.jar;E:\MAVEN\maven\org\apache\logging\log4j\log4j-to-slf4j\2.11.2\log4j-to-slf4j-2.11.2.jar;E:\MAVEN\maven\org\apache\logging\log4j\log4j-api\2.11.2\log4j-api-2.11.2.jar;E:\MAVEN\maven\org\slf4j\jul-to-slf4j\1.7.25\jul-to-slf4j-1.7.25.jar;E:\MAVEN\maven\javax\annotation\javax.annotation-api\1.3.2\javax.annotation-api-1.3.2.jar;E:\MAVEN\maven\org\yaml\snakeyaml\1.23\snakeyaml-1.23.jar;E:\MAVEN\maven\org\springframework\data\spring-data-redis\2.1.5.RELEASE\spring-data-redis-2.1.5.RELEASE.jar;E:\MAVEN\maven\org\springframework\data\spring-data-keyvalue\2.1.5.RELEASE\spring-data-keyvalue-2.1.5.RELEASE.jar;E:\MAVEN\maven\org\springframework\data\spring-data-commons\2.1.5.RELEASE\spring-data-commons-2.1.5.RELEASE.jar;E:\MAVEN\maven\org\springframework\spring-tx\5.1.5.RELEASE\spring-tx-5.1.5.RELEASE.jar;E:\MAVEN\maven\org\springframework\spring-beans\5.1.5.RELEASE\spring-beans-5.1.5.RELEASE.jar;E:\MAVEN\maven\org\springframework\spring-oxm\5.1.5.RELEASE\spring-oxm-5.1.5.RELEASE.jar;E:\MAVEN\maven\org\springframework\spring-aop\5.1.5.RELEASE\spring-aop-5.1.5.RELEASE.jar;E:\MAVEN\maven\org\springframework\spring-context-support\5.1.5.RELEASE\spring-context-support-5.1.5.RELEASE.jar;E:\MAVEN\maven\org\slf4j\slf4j-api\1.7.25\slf4j-api-1.7.25.jar;E:\MAVEN\maven\io\lettuce\lettuce-core\5.1.4.RELEASE\lettuce-core-5.1.4.RELEASE.jar;E:\MAVEN\maven\io\netty\netty-common\4.1.33.Final\netty-common-4.1.33.Final.jar;E:\MAVEN\maven\io\netty\netty-handler\4.1.33.Final\netty-handler-4.1.33.Final.jar;E:\MAVEN\maven\io\netty\netty-buffer\4.1.33.Final\netty-buffer-4.1.33.Final.jar;E:\MAVEN\maven\io\netty\netty-codec\4.1.33.Final\netty-codec-4.1.33.Final.jar;E:\MAVEN\maven\io\netty\netty-transport\4.1.33.Final\netty-transport-4.1.33.Final.jar;E:\MAVEN\maven\io\netty\netty-resolver\4.1.33.Final\netty-resolver-4.1.33.Final.jar;E:\MAVEN\maven\io\projectreactor\reactor-core\3.2.6.RELEASE\reactor-core-3.2.6.RELEASE.jar;E:\MAVEN\maven\org\reactivestreams\reactive-streams\1.0.2\reactive-streams-1.0.2.jar;E:\MAVEN\maven\org\springframework\boot\spring-boot-starter-test\2.1.3.RELEASE\spring-boot-starter-test-2.1.3.RELEASE.jar;E:\MAVEN\maven\org\springframework\boot\spring-boot-test\2.1.3.RELEASE\spring-boot-test-2.1.3.RELEASE.jar;E:\MAVEN\maven\org\springframework\boot\spring-boot-test-autoconfigure\2.1.3.RELEASE\spring-boot-test-autoconfigure-2.1.3.RELEASE.jar;E:\MAVEN\maven\com\jayway\jsonpath\json-path\2.4.0\json-path-2.4.0.jar;E:\MAVEN\maven\net\minidev\json-smart\2.3\json-smart-2.3.jar;E:\MAVEN\maven\net\minidev\accessors-smart\1.2\accessors-smart-1.2.jar;E:\MAVEN\maven\org\ow2\asm\asm\5.0.4\asm-5.0.4.jar;E:\MAVEN\maven\junit\junit\4.12\junit-4.12.jar;E:\MAVEN\maven\org\assertj\assertj-core\3.11.1\assertj-core-3.11.1.jar;E:\MAVEN\maven\org\mockito\mockito-core\2.23.4\mockito-core-2.23.4.jar;E:\MAVEN\maven\net\bytebuddy\byte-buddy\1.9.10\byte-buddy-1.9.10.jar;E:\MAVEN\maven\net\bytebuddy\byte-buddy-agent\1.9.10\byte-buddy-agent-1.9.10.jar;E:\MAVEN\maven\org\objenesis\objenesis\2.6\objenesis-2.6.jar;E:\MAVEN\maven\org\hamcrest\hamcrest-core\1.3\hamcrest-core-1.3.jar;E:\MAVEN\maven\org\hamcrest\hamcrest-library\1.3\hamcrest-library-1.3.jar;E:\MAVEN\maven\org\skyscreamer\jsonassert\1.5.0\jsonassert-1.5.0.jar;E:\MAVEN\maven\com\vaadin\external\google\android-json\0.0.20131108.vaadin1\android-json-0.0.20131108.vaadin1.jar;E:\MAVEN\maven\org\springframework\spring-core\5.1.5.RELEASE\spring-core-5.1.5.RELEASE.jar;E:\MAVEN\maven\org\springframework\spring-jcl\5.1.5.RELEASE\spring-jcl-5.1.5.RELEASE.jar;E:\MAVEN\maven\org\springframework\spring-test\5.1.5.RELEASE\spring-test-5.1.5.RELEASE.jar;E:\MAVEN\maven\org\xmlunit\xmlunit-core\2.6.2\xmlunit-core-2.6.2.jar;"/>
    <property name="sun.cpu.endian" value="little"/>
    <property name="user.home" value="C:\Users\Administrator"/>
    <property name="user.language" value="zh"/>
    <property name="java.specification.vendor" value="Oracle Corporation"/>
    <property name="java.home" value="C:\Program Files\Java\jdk1.8.0_171\jre"/>
    <property name="basedir" value="D:\code\redisDemo"/>
    <property name="file.separator" value="\"/>
    <property name="line.separator" value="&#10;"/>
    <property name="java.vm.specification.vendor" value="Oracle Corporation"/>
    <property name="java.specification.name" value="Java Platform API Specification"/>
    <property name="java.awt.graphicsenv" value="sun.awt.Win32GraphicsEnvironment"/>
    <property name="surefire.real.class.path" value="C:\Users\ADMINI~1\AppData\Local\Temp\surefire4229372923789693879\surefirebooter3413441197444232076.jar"/>
    <property name="sun.boot.class.path" value="C:\Program Files\Java\jdk1.8.0_171\jre\lib\resources.jar;C:\Program Files\Java\jdk1.8.0_171\jre\lib\rt.jar;C:\Program Files\Java\jdk1.8.0_171\jre\lib\sunrsasign.jar;C:\Program Files\Java\jdk1.8.0_171\jre\lib\jsse.jar;C:\Program Files\Java\jdk1.8.0_171\jre\lib\jce.jar;C:\Program Files\Java\jdk1.8.0_171\jre\lib\charsets.jar;C:\Program Files\Java\jdk1.8.0_171\jre\lib\jfr.jar;C:\Program Files\Java\jdk1.8.0_171\jre\classes"/>
    <property name="user.script" value=""/>
    <property name="sun.management.compiler" value="HotSpot 64-Bit Tiered Compilers"/>
    <property name="java.runtime.version" value="1.8.0_171-b11"/>
    <property name="user.name" value="Administrator"/>
    <property name="path.separator" value=";"/>
    <property name="os.version" value="10.0"/>
    <property name="java.endorsed.dirs" value="C:\Program Files\Java\jdk1.8.0_171\jre\lib\endorsed"/>
    <property name="java.runtime.name" value="Java(TM) SE Runtime Environment"/>
    <property name="file.encoding" value="GBK"/>
    <property name="java.vm.name" value="Java HotSpot(TM) 64-Bit Server VM"/>
    <property name="localRepository" value="E:\MAVEN\maven"/>
    <property name="java.vendor.url.bug" value="http://bugreport.sun.com/bugreport/"/>
    <property name="java.io.tmpdir" value="C:\Users\ADMINI~1\AppData\Local\Temp\"/>
    <property name="idea.version" value="2018.1.6"/>
    <property name="java.version" value="1.8.0_171"/>
    <property name="user.dir" value="D:\code\redisDemo"/>
    <property name="os.arch" value="amd64"/>
    <property name="java.vm.specification.name" value="Java Virtual Machine Specification"/>
    <property name="java.awt.printerjob" value="sun.awt.windows.WPrinterJob"/>
    <property name="sun.os.patch.level" value=""/>
    <property name="java.library.path" value="C:\Program Files\Java\jdk1.8.0_171\jre\bin;C:\Windows\Sun\Java\bin;C:\Windows\system32;C:\Windows;C:\Program Files (x86)\Common Files\Oracle\Java\javapath;C:\Windows\system32;C:\Windows;C:\Windows\System32\Wbem;C:\Windows\System32\WindowsPowerShell\v1.0\;C:\Program Files\Java\jdk1.8.0_171\bin;C:\Program Files\Java\jdk1.8.0_171\jre\bin;C:\Program Files\TortoiseSVN\bin;E:\MAVEN\apache-maven-3.5.3\bin;C:\Users\Administrator\AppData\Local\Microsoft\WindowsApps;;."/>
    <property name="java.vm.info" value="mixed mode"/>
    <property name="java.vendor" value="Oracle Corporation"/>
    <property name="java.vm.version" value="25.171-b11"/>
    <property name="java.ext.dirs" value="C:\Program Files\Java\jdk1.8.0_171\jre\lib\ext;C:\Windows\Sun\Java\lib\ext"/>
    <property name="sun.io.unicode.encoding" value="UnicodeLittle"/>
    <property name="maven.repo.local" value="E:\MAVEN\maven"/>
    <property name="java.class.version" value="52.0"/>
  </properties>
  <testcase name="contextLoads" classname="com.example.demo.RedisDemoApplicationTests" time="0.428"/>
</testsuite>